<?xml version="1.0" encoding="UTF-8"?>
<!-- Generated by org.testng.reporters.JUnitReportReporter -->
<testsuite hostname="DESKTOP-GNHS8AV" name="com.selenium.Keysucess" tests="1" failures="0" timestamp="29 Oct 2019 07:14:19 GMT" time="65.905" errors="0">
  <testcase name="method" time="65.905" classname="com.selenium.Keysucess"/>
</testsuite> <!-- com.selenium.Keysucess -->
