<?xml version="1.0" encoding="UTF-8"?>
<!-- Generated by org.testng.reporters.JUnitReportReporter -->
<testsuite hostname="DESKTOP-GNHS8AV" name="com.selenium.WriteExcelData" tests="1" failures="0" timestamp="30 Oct 2019 04:49:03 GMT" time="2.770" errors="0">
  <testcase name="main" time="2.770" classname="com.selenium.WriteExcelData"/>
</testsuite> <!-- com.selenium.WriteExcelData -->
