<?xml version="1.0" encoding="UTF-8"?>
<!-- Generated by org.testng.reporters.JUnitReportReporter -->
<testsuite hostname="DESKTOP-GNHS8AV" name="com.javaproject.redbus" tests="1" failures="0" timestamp="21 Oct 2019 11:01:42 GMT" time="28.352" errors="0">
  <testcase name="incrementamount" time="28.352" classname="com.javaproject.redbus"/>
</testsuite> <!-- com.javaproject.redbus -->
