<?xml version="1.0" encoding="UTF-8"?>
<!-- Generated by org.testng.reporters.JUnitReportReporter -->
<testsuite hostname="DESKTOP-GNHS8AV" name="com.selenium.Robotclass" tests="1" failures="0" timestamp="21 Oct 2019 10:52:54 GMT" time="66.989" errors="0">
  <testcase name="Method" time="66.989" classname="com.selenium.Robotclass"/>
</testsuite> <!-- com.selenium.Robotclass -->
