<?xml version="1.0" encoding="UTF-8"?>
<!-- Generated by org.testng.reporters.JUnitReportReporter -->
<testsuite hostname="DESKTOP-GNHS8AV" name="com.selenium.TC_102" tests="2" failures="0" timestamp="17 Oct 2019 05:03:35 GMT" time="86.763" errors="0">
  <testcase name="mouseover" time="50.403" classname="com.selenium.TC_102"/>
  <testcase name="robotclass" time="36.360" classname="com.selenium.TC_102"/>
</testsuite> <!-- com.selenium.TC_102 -->
