<?xml version="1.0" encoding="UTF-8"?>
<!-- Generated by org.testng.reporters.JUnitReportReporter -->
<testsuite hostname="DESKTOP-GNHS8AV" name="aprts.MouseOver" tests="1" failures="0" timestamp="26 Oct 2019 15:08:38 GMT" time="35.530" errors="0">
  <testcase name="method" time="35.530" classname="aprts.MouseOver"/>
</testsuite> <!-- aprts.MouseOver -->
