<?xml version="1.0" encoding="UTF-8"?>
<!-- Generated by org.testng.reporters.JUnitReportReporter -->
<testsuite hostname="DESKTOP-GNHS8AV" name="com.selenium.POIforgfgread" tests="1" failures="0" timestamp="21 Oct 2019 10:49:22 GMT" time="0.959" errors="0">
  <testcase name="main" time="0.959" classname="com.selenium.POIforgfgread"/>
</testsuite> <!-- com.selenium.POIforgfgread -->
