<?xml version="1.0" encoding="UTF-8"?>
<!-- Generated by org.testng.reporters.JUnitReportReporter -->
<testsuite hostname="DESKTOP-GNHS8AV" name="com.selenium.MouseOver1" tests="1" failures="0" timestamp="8 Sep 2019 10:18:50 GMT" time="71.472" errors="0">
  <testcase name="mouseoveraction" time="71.472" classname="com.selenium.MouseOver1"/>
</testsuite> <!-- com.selenium.MouseOver1 -->
